g:\my documents\github\comp345risk\riskmain\riskmain\debug\vc120.pdb
g:\my documents\github\comp345risk\riskmain\riskmain\debug\vc120.idb
g:\my documents\github\comp345risk\riskmain\riskmain\debug\battle.obj
g:\my documents\github\comp345risk\riskmain\riskmain\debug\battlestats.obj
g:\my documents\github\comp345risk\riskmain\riskmain\debug\continent.obj
g:\my documents\github\comp345risk\riskmain\riskmain\debug\dice.obj
g:\my documents\github\comp345risk\riskmain\riskmain\debug\gamedriver.obj
g:\my documents\github\comp345risk\riskmain\riskmain\debug\gamestats.obj
g:\my documents\github\comp345risk\riskmain\riskmain\debug\gamestatsdecorator.obj
g:\my documents\github\comp345risk\riskmain\riskmain\debug\globals.obj
g:\my documents\github\comp345risk\riskmain\riskmain\debug\load.obj
g:\my documents\github\comp345risk\riskmain\riskmain\debug\main.obj
g:\my documents\github\comp345risk\riskmain\riskmain\debug\map.obj
g:\my documents\github\comp345risk\riskmain\riskmain\debug\mapeditor.obj
g:\my documents\github\comp345risk\riskmain\riskmain\debug\observer.obj
g:\my documents\github\comp345risk\riskmain\riskmain\debug\player.obj
g:\my documents\github\comp345risk\riskmain\riskmain\debug\playerview.obj
g:\my documents\github\comp345risk\riskmain\riskmain\debug\save.obj
g:\my documents\github\comp345risk\riskmain\riskmain\debug\subject.obj
g:\my documents\github\comp345risk\riskmain\riskmain\debug\territory.obj
g:\my documents\github\comp345risk\riskmain\riskmain\debug\playerstats.obj
g:\my documents\github\comp345risk\riskmain\riskmain\debug\worldstats.obj
g:\my documents\github\comp345risk\riskmain\riskmain\debug\riskmain.ilk
g:\my documents\github\comp345risk\riskmain\riskmain\debug\riskmain.exe
g:\my documents\github\comp345risk\riskmain\riskmain\debug\riskmain.pdb
g:\my documents\github\comp345risk\riskmain\riskmain\debug\riskmain.tlog\cl.read.1.tlog
g:\my documents\github\comp345risk\riskmain\riskmain\debug\riskmain.tlog\cl.write.1.tlog
g:\my documents\github\comp345risk\riskmain\riskmain\debug\riskmain.tlog\cl.command.1.tlog
g:\my documents\github\comp345risk\riskmain\riskmain\debug\riskmain.tlog\link.command.1.tlog
g:\my documents\github\comp345risk\riskmain\riskmain\debug\riskmain.tlog\link.read.1.tlog
g:\my documents\github\comp345risk\riskmain\riskmain\debug\riskmain.tlog\link.write.1.tlog
